FiveKnowACan/SlidingMenulibrary/build/outputs/logs/manifest-merger-debug-report.txt
-- Merging decision tree log ---
manifest
ADDED from FiveKnowACan\SlidingMenulibrary\AndroidManifest.xml:2:1-13:12
INJECTED from FiveKnowACan\SlidingMenulibrary\AndroidManifest.xml:2:1-13:12
INJECTED from FiveKnowACan\SlidingMenulibrary\AndroidManifest.xml:2:1-13:12
INJECTED from FiveKnowACan\SlidingMenulibrary\AndroidManifest.xml:2:1-13:12
INJECTED from FiveKnowACan\SlidingMenulibrary\AndroidManifest.xml:2:1-13:12
INJECTED from FiveKnowACan\SlidingMenulibrary\AndroidManifest.xml:2:1-13:12
INJECTED from FiveKnowACan\SlidingMenulibrary\AndroidManifest.xml:2:1-13:12
	package
		ADDED from FiveKnowACan\SlidingMenulibrary\AndroidManifest.xml:3:5-50
		INJECTED from FiveKnowACan\SlidingMenulibrary\AndroidManifest.xml
		INJECTED from FiveKnowACan\SlidingMenulibrary\AndroidManifest.xml
	android:versionName
		ADDED from FiveKnowACan\SlidingMenulibrary\AndroidManifest.xml:5:5-30
		INJECTED from FiveKnowACan\SlidingMenulibrary\AndroidManifest.xml
		INJECTED from FiveKnowACan\SlidingMenulibrary\AndroidManifest.xml
	xmlns:android
		ADDED from FiveKnowACan\SlidingMenulibrary\AndroidManifest.xml:2:11-69
	android:versionCode
		ADDED from FiveKnowACan\SlidingMenulibrary\AndroidManifest.xml:4:5-28
		INJECTED from FiveKnowACan\SlidingMenulibrary\AndroidManifest.xml
		INJECTED from FiveKnowACan\SlidingMenulibrary\AndroidManifest.xml
uses-sdk
INJECTED from FiveKnowACan\SlidingMenulibrary\AndroidManifest.xml reason: use-sdk injection requested
INJECTED from FiveKnowACan\SlidingMenulibrary\AndroidManifest.xml
INJECTED from FiveKnowACan\SlidingMenulibrary\AndroidManifest.xml
INJECTED from FiveKnowACan\SlidingMenulibrary\AndroidManifest.xml
INJECTED from FiveKnowACan\SlidingMenulibrary\AndroidManifest.xml
	android:targetSdkVersion
		INJECTED from FiveKnowACan\SlidingMenulibrary\AndroidManifest.xml
		ADDED from FiveKnowACan\SlidingMenulibrary\AndroidManifest.xml
		INJECTED from FiveKnowACan\SlidingMenulibrary\AndroidManifest.xml
	android:minSdkVersion
		INJECTED from FiveKnowACan\SlidingMenulibrary\AndroidManifest.xml
		ADDED from FiveKnowACan\SlidingMenulibrary\AndroidManifest.xml
		INJECTED from FiveKnowACan\SlidingMenulibrary\AndroidManifest.xml